<?xml version="1.0" encoding="UTF-8"?>
<testsuite xmlns:xsi="http://www.w3.org/2001/XMLSchema-instance" xsi:schemaLocation="https://maven.apache.org/surefire/maven-surefire-plugin/xsd/surefire-test-report.xsd" name="TestSuite" time="41.403" tests="4" errors="0" skipped="2" failures="2">
  <properties>
[...]
</properties>
  <testcase name="setup" classname="com.mystore.testcases.LoginPageTest" time="41.049">
    <failure message="timeout: Timed out receiving message from renderer: 26.071&#10;  (Session info: chrome=99.0.4844.82)&#10;Build info: version: &apos;4.1.2&apos;, revision: &apos;9a5a329c5a&apos;&#10;System info: host: &apos;DESKTOP-0BQRKT0&apos;, ip: &apos;192.168.1.11&apos;, os.name: &apos;Windows 10&apos;, os.arch: &apos;amd64&apos;, os.version: &apos;10.0&apos;, java.version: &apos;11.0.1&apos;&#10;Driver info: org.openqa.selenium.chrome.ChromeDriver&#10;Command: [36d7ef9755f2b0e10fe01bb41b43e7db, get {url=http://automationpractice.com/index.php}]&#10;Capabilities {acceptInsecureCerts: false, browserName: chrome, browserVersion: 99.0.4844.82, chrome: {chromedriverVersion: 99.0.4844.51 (d537ec02474b5..., userDataDir: C:\Users\Sandip\AppData\Loc...}, goog:chromeOptions: {debuggerAddress: localhost:54110}, javascriptEnabled: true, networkConnectionEnabled: false, pageLoadStrategy: normal, platform: WINDOWS, platformName: WINDOWS, proxy: Proxy(), se:cdp: ws://localhost:54110/devtoo..., se:cdpVersion: 99.0.4844.82, setWindowRect: true, strictFileInteractability: false, timeouts: {implicit: 0, pageLoad: 300000, script: 30000}, unhandledPromptBehavior: dismiss and notify, webauthn:extension:credBlob: true, webauthn:extension:largeBlob: true, webauthn:virtualAuthenticators: true}&#10;Session ID: 36d7ef9755f2b0e10fe01bb41b43e7db" type="org.openqa.selenium.TimeoutException">org.openqa.selenium.TimeoutException: 
timeout: Timed out receiving message from renderer: 26.071
  (Session info: chrome=99.0.4844.82)
Build info: version: '4.1.2', revision: '9a5a329c5a'
System info: host: 'DESKTOP-0BQRKT0', ip: '192.168.1.11', os.name: 'Windows 10', os.arch: 'amd64', os.version: '10.0', java.version: '11.0.1'
Driver info: org.openqa.selenium.chrome.ChromeDriver
Command: [36d7ef9755f2b0e10fe01bb41b43e7db, get {url=http://automationpractice.com/index.php}]
Capabilities {acceptInsecureCerts: false, browserName: chrome, browserVersion: 99.0.4844.82, chrome: {chromedriverVersion: 99.0.4844.51 (d537ec02474b5..., userDataDir: C:\Users\Sandip\AppData\Loc...}, goog:chromeOptions: {debuggerAddress: localhost:54110}, javascriptEnabled: true, networkConnectionEnabled: false, pageLoadStrategy: normal, platform: WINDOWS, platformName: WINDOWS, proxy: Proxy(), se:cdp: ws://localhost:54110/devtoo..., se:cdpVersion: 99.0.4844.82, setWindowRect: true, strictFileInteractability: false, timeouts: {implicit: 0, pageLoad: 300000, script: 30000}, unhandledPromptBehavior: dismiss and notify, webauthn:extension:credBlob: true, webauthn:extension:largeBlob: true, webauthn:virtualAuthenticators: true}
Session ID: 36d7ef9755f2b0e10fe01bb41b43e7db
</failure>
    <system-out><![CDATA[11:14:48.109 [main] INFO  io.github.bonigarcia.wdm.WebDriverManager - Using chromedriver 99.0.4844.51 (resolved driver for Chrome 99)
2022-03-27 11:14:48,118 main ERROR Unable to rename file C:\Users\Sandip\eclipse-workspace\MyStore\logs\app.log to C:\Users\Sandip\eclipse-workspace\MyStore\logs\app-11:14:48.115.log: java.nio.file.InvalidPathException Illegal char <:> at index 53: C:\Users\Sandip\eclipse-workspace\MyStore\logs\app-11:14:48.115.log
11:14:48.168 [main] INFO  io.github.bonigarcia.wdm.WebDriverManager - Exporting webdriver.chrome.driver as C:\Users\Sandip\.cache\selenium\chromedriver\win32\99.0.4844.51\chromedriver.exe
]]></system-out>
    <system-err><![CDATA[Starting ChromeDriver 99.0.4844.51 (d537ec02474b5afe23684e7963d538896c63ac77-refs/branch-heads/4844@{#875}) on port 61276
Only local connections are allowed.
Please see https://chromedriver.chromium.org/security-considerations for suggestions on keeping ChromeDriver safe.
ChromeDriver was started successfully.
Mar 27, 2022 11:14:56 AM org.openqa.selenium.remote.ProtocolHandshake createSession
INFO: Detected dialect: W3C
Mar 27, 2022 11:14:56 AM org.openqa.selenium.devtools.CdpVersionFinder findNearestMatch
WARNING: Unable to find an exact match for CDP version 99, so returning the closest version found: 97
Mar 27, 2022 11:14:56 AM org.openqa.selenium.devtools.CdpVersionFinder findNearestMatch
INFO: Found CDP implementation for version 99 of 97
[1648359927.036][SEVERE]: Timed out receiving message from renderer: 26.071
[1648359927.039][SEVERE]: Timed out receiving message from renderer: 26.071
]]></system-err>
  </testcase>
  <testcase name="loginTest" classname="com.mystore.testcases.LoginPageTest" time="0">
    <skipped message="timeout: Timed out receiving message from renderer: 26.071&#10;  (Session info: chrome=99.0.4844.82)&#10;Build info: version: &apos;4.1.2&apos;, revision: &apos;9a5a329c5a&apos;&#10;System info: host: &apos;DESKTOP-0BQRKT0&apos;, ip: &apos;192.168.1.11&apos;, os.name: &apos;Windows 10&apos;, os.arch: &apos;amd64&apos;, os.version: &apos;10.0&apos;, java.version: &apos;11.0.1&apos;&#10;Driver info: org.openqa.selenium.chrome.ChromeDriver&#10;Command: [36d7ef9755f2b0e10fe01bb41b43e7db, get {url=http://automationpractice.com/index.php}]&#10;Capabilities {acceptInsecureCerts: false, browserName: chrome, browserVersion: 99.0.4844.82, chrome: {chromedriverVersion: 99.0.4844.51 (d537ec02474b5..., userDataDir: C:\Users\Sandip\AppData\Loc...}, goog:chromeOptions: {debuggerAddress: localhost:54110}, javascriptEnabled: true, networkConnectionEnabled: false, pageLoadStrategy: normal, platform: WINDOWS, platformName: WINDOWS, proxy: Proxy(), se:cdp: ws://localhost:54110/devtoo..., se:cdpVersion: 99.0.4844.82, setWindowRect: true, strictFileInteractability: false, timeouts: {implicit: 0, pageLoad: 300000, script: 30000}, unhandledPromptBehavior: dismiss and notify, webauthn:extension:credBlob: true, webauthn:extension:largeBlob: true, webauthn:virtualAuthenticators: true}&#10;Session ID: 36d7ef9755f2b0e10fe01bb41b43e7db"/>
  </testcase>
  <testcase name="tearDown" classname="com.mystore.testcases.LoginPageTest" time="0">
    <skipped/>
  </testcase>
  <testcase name="afterSuite" classname="com.mystore.testcases.LoginPageTest" time="0.254">
    <failure message="java/sql/Date" type="java.lang.NoClassDefFoundError">java.lang.NoClassDefFoundError: java/sql/Date
Caused by: java.lang.ClassNotFoundException: java.sql.Date
</failure>
  </testcase>
</testsuite>